# JRE version: OpenJDK Runtime Environment (8.0_232-b09) (build 1.8.0_232-8u232-b09-0ubuntu1~16.04.1-b09)
# Java VM: OpenJDK 64-Bit Server VM (25.232-b09 mixed mode linux-amd64 compressed oops)
Heap:
 PSYoungGen      total 147456K, used 0K [0x00000000f5a00000, 0x0000000100000000, 0x0000000100000000)
  eden space 137216K, 0% used [0x00000000f5a00000,0x00000000f5a00000,0x00000000fe000000)
  from space 10240K, 0% used [0x00000000fec00000,0x00000000fec00000,0x00000000ff600000)
  to   space 12288K, 0% used [0x00000000fe000000,0x00000000fe000000,0x00000000fec00000)
 ParOldGen       total 28160K, used 20998K [0x00000000e0e00000, 0x00000000e2980000, 0x00000000f5a00000)
  object space 28160K, 74% used [0x00000000e0e00000,0x00000000e2281a60,0x00000000e2980000)
 Metaspace       used 34835K, capacity 35336K, committed 35456K, reserved 1079296K
  class space    used 4772K, capacity 4956K, committed 4992K, reserved 1048576K
GC Heap History (10 events):
Event: 2.364 GC heap after
Heap after GC invocations=7 (full 0):
 PSYoungGen      total 76288K, used 5495K [0x00000000f5a00000, 0x00000000ff000000, 0x0000000100000000)
  eden space 69120K, 0% used [0x00000000f5a00000,0x00000000f5a00000,0x00000000f9d80000)
  from space 7168K, 76% used [0x00000000f9d80000,0x00000000fa2ddd58,0x00000000fa480000)
  to   space 7680K, 0% used [0x00000000fe880000,0x00000000fe880000,0x00000000ff000000)
 ParOldGen       total 22016K, used 12068K [0x00000000e0e00000, 0x00000000e2380000, 0x00000000f5a00000)
  object space 22016K, 54% used [0x00000000e0e00000,0x00000000e19c9008,0x00000000e2380000)
 Metaspace       used 21017K, capacity 21194K, committed 21296K, reserved 1067008K
  class space    used 2830K, capacity 2899K, committed 2944K, reserved 1048576K
}
Event: 2.364 GC heap before
{Heap before GC invocations=8 (full 1):
 PSYoungGen      total 76288K, used 5495K [0x00000000f5a00000, 0x00000000ff000000, 0x0000000100000000)
  eden space 69120K, 0% used [0x00000000f5a00000,0x00000000f5a00000,0x00000000f9d80000)
  from space 7168K, 76% used [0x00000000f9d80000,0x00000000fa2ddd58,0x00000000fa480000)
  to   space 7680K, 0% used [0x00000000fe880000,0x00000000fe880000,0x00000000ff000000)
 ParOldGen       total 22016K, used 12068K [0x00000000e0e00000, 0x00000000e2380000, 0x00000000f5a00000)
  object space 22016K, 54% used [0x00000000e0e00000,0x00000000e19c9008,0x00000000e2380000)
 Metaspace       used 21017K, capacity 21194K, committed 21296K, reserved 1067008K
  class space    used 2830K, capacity 2899K, committed 2944K, reserved 1048576K
Event: 2.415 GC heap after
Heap after GC invocations=8 (full 1):
 PSYoungGen      total 76288K, used 0K [0x00000000f5a00000, 0x00000000ff000000, 0x0000000100000000)
  eden space 69120K, 0% used [0x00000000f5a00000,0x00000000f5a00000,0x00000000f9d80000)
  from space 7168K, 0% used [0x00000000f9d80000,0x00000000f9d80000,0x00000000fa480000)
  to   space 7680K, 0% used [0x00000000fe880000,0x00000000fe880000,0x00000000ff000000)
 ParOldGen       total 28160K, used 9587K [0x00000000e0e00000, 0x00000000e2980000, 0x00000000f5a00000)
  object space 28160K, 34% used [0x00000000e0e00000,0x00000000e175cd08,0x00000000e2980000)
 Metaspace       used 21017K, capacity 21194K, committed 21296K, reserved 1067008K
  class space    used 2830K, capacity 2899K, committed 2944K, reserved 1048576K
}
Event: 2.920 GC heap before
{Heap before GC invocations=9 (full 1):
 PSYoungGen      total 76288K, used 69120K [0x00000000f5a00000, 0x00000000ff000000, 0x0000000100000000)
  eden space 69120K, 100% used [0x00000000f5a00000,0x00000000f9d80000,0x00000000f9d80000)
  from space 7168K, 0% used [0x00000000f9d80000,0x00000000f9d80000,0x00000000fa480000)
  to   space 7680K, 0% used [0x00000000fe880000,0x00000000fe880000,0x00000000ff000000)
 ParOldGen       total 28160K, used 9587K [0x00000000e0e00000, 0x00000000e2980000, 0x00000000f5a00000)
  object space 28160K, 34% used [0x00000000e0e00000,0x00000000e175cd08,0x00000000e2980000)
 Metaspace       used 23912K, capacity 24178K, committed 24448K, reserved 1071104K
  class space    used 3269K, capacity 3358K, committed 3456K, reserved 1048576K
Event: 2.931 GC heap after
Heap after GC invocations=9 (full 1):
 PSYoungGen      total 108544K, used 4211K [0x00000000f5a00000, 0x00000000fed00000, 0x0000000100000000)
  eden space 103936K, 0% used [0x00000000f5a00000,0x00000000f5a00000,0x00000000fbf80000)
  from space 4608K, 91% used [0x00000000fe880000,0x00000000fec9ccf8,0x00000000fed00000)
  to   space 7168K, 0% used [0x00000000fdf00000,0x00000000fdf00000,0x00000000fe600000)
 ParOldGen       total 28160K, used 9587K [0x00000000e0e00000, 0x00000000e2980000, 0x00000000f5a00000)
  object space 28160K, 34% used [0x00000000e0e00000,0x00000000e175cd08,0x00000000e2980000)
 Metaspace       used 23912K, capacity 24178K, committed 24448K, reserved 1071104K
  class space    used 3269K, capacity 3358K, committed 3456K, reserved 1048576K
}
Event: 4.400 GC heap before
{Heap before GC invocations=10 (full 1):
 PSYoungGen      total 108544K, used 108147K [0x00000000f5a00000, 0x00000000fed00000, 0x0000000100000000)
  eden space 103936K, 100% used [0x00000000f5a00000,0x00000000fbf80000,0x00000000fbf80000)
  from space 4608K, 91% used [0x00000000fe880000,0x00000000fec9ccf8,0x00000000fed00000)
  to   space 7168K, 0% used [0x00000000fdf00000,0x00000000fdf00000,0x00000000fe600000)
 ParOldGen       total 28160K, used 9587K [0x00000000e0e00000, 0x00000000e2980000, 0x00000000f5a00000)
  object space 28160K, 34% used [0x00000000e0e00000,0x00000000e175cd08,0x00000000e2980000)
 Metaspace       used 29233K, capacity 29616K, committed 29824K, reserved 1075200K
  class space    used 4066K, capacity 4206K, committed 4224K, reserved 1048576K
Event: 4.478 GC heap after
Heap after GC invocations=10 (full 1):
 PSYoungGen      total 143360K, used 7168K [0x00000000f5a00000, 0x00000000ff600000, 0x0000000100000000)
  eden space 136192K, 0% used [0x00000000f5a00000,0x00000000f5a00000,0x00000000fdf00000)
  from space 7168K, 100% used [0x00000000fdf00000,0x00000000fe600000,0x00000000fe600000)
  to   space 10240K, 0% used [0x00000000fec00000,0x00000000fec00000,0x00000000ff600000)
 ParOldGen       total 28160K, used 15006K [0x00000000e0e00000, 0x00000000e2980000, 0x00000000f5a00000)
  object space 28160K, 53% used [0x00000000e0e00000,0x00000000e1ca7890,0x00000000e2980000)
 Metaspace       used 29233K, capacity 29616K, committed 29824K, reserved 1075200K
  class space    used 4066K, capacity 4206K, committed 4224K, reserved 1048576K
}
Event: 57.249 GC heap before
{Heap before GC invocations=11 (full 1):
 PSYoungGen      total 143360K, used 54149K [0x00000000f5a00000, 0x00000000ff600000, 0x0000000100000000)
  eden space 136192K, 34% used [0x00000000f5a00000,0x00000000f87e17f8,0x00000000fdf00000)
  from space 7168K, 100% used [0x00000000fdf00000,0x00000000fe600000,0x00000000fe600000)
  to   space 10240K, 0% used [0x00000000fec00000,0x00000000fec00000,0x00000000ff600000)
 ParOldGen       total 28160K, used 15006K [0x00000000e0e00000, 0x00000000e2980000, 0x00000000f5a00000)
  object space 28160K, 53% used [0x00000000e0e00000,0x00000000e1ca7890,0x00000000e2980000)
 Metaspace       used 34835K, capacity 35336K, committed 35456K, reserved 1079296K
  class space    used 4772K, capacity 4956K, committed 4992K, reserved 1048576K
Event: 57.351 GC heap after
Heap after GC invocations=11 (full 1):
 PSYoungGen      total 147456K, used 10231K [0x00000000f5a00000, 0x0000000100000000, 0x0000000100000000)
  eden space 137216K, 0% used [0x00000000f5a00000,0x00000000f5a00000,0x00000000fe000000)
  from space 10240K, 99% used [0x00000000fec00000,0x00000000ff5fddf8,0x00000000ff600000)
  to   space 12288K, 0% used [0x00000000fe000000,0x00000000fe000000,0x00000000fec00000)
 ParOldGen       total 28160K, used 16412K [0x00000000e0e00000, 0x00000000e2980000, 0x00000000f5a00000)
  object space 28160K, 58% used [0x00000000e0e00000,0x00000000e1e07080,0x00000000e2980000)
 Metaspace       used 34835K, capacity 35336K, committed 35456K, reserved 1079296K
  class space    used 4772K, capacity 4956K, committed 4992K, reserved 1048576K
}
Event: 57.362 GC heap before
{Heap before GC invocations=12 (full 2):
 PSYoungGen      total 147456K, used 10231K [0x00000000f5a00000, 0x0000000100000000, 0x0000000100000000)
  eden space 137216K, 0% used [0x00000000f5a00000,0x00000000f5a00000,0x00000000fe000000)
  from space 10240K, 99% used [0x00000000fec00000,0x00000000ff5fddf8,0x00000000ff600000)
  to   space 12288K, 0% used [0x00000000fe000000,0x00000000fe000000,0x00000000fec00000)
 ParOldGen       total 28160K, used 16412K [0x00000000e0e00000, 0x00000000e2980000, 0x00000000f5a00000)
  object space 28160K, 58% used [0x00000000e0e00000,0x00000000e1e07080,0x00000000e2980000)
 Metaspace       used 34835K, capacity 35336K, committed 35456K, reserved 1079296K
  class space    used 4772K, capacity 4956K, committed 4992K, reserved 1048576K

