# JRE version: OpenJDK Runtime Environment (8.0_232-b09) (build 1.8.0_232-8u232-b09-0ubuntu1~16.04.1-b09)
# Java VM: OpenJDK 64-Bit Server VM (25.232-b09 mixed mode linux-amd64 compressed oops)
Heap:
 PSYoungGen      total 76288K, used 5676K [0x00000000f5a00000, 0x00000000fac00000, 0x0000000100000000)
  eden space 69120K, 0% used [0x00000000f5a00000,0x00000000f5a00000,0x00000000f9d80000)
  from space 7168K, 79% used [0x00000000f9d80000,0x00000000fa30b390,0x00000000fa480000)
  to   space 6656K, 0% used [0x00000000fa480000,0x00000000fa480000,0x00000000fab00000)
 ParOldGen       total 22016K, used 11943K [0x00000000e0e00000, 0x00000000e2380000, 0x00000000f5a00000)
  object space 22016K, 54% used [0x00000000e0e00000,0x00000000e19a9cf0,0x00000000e2380000)
 Metaspace       used 21023K, capacity 21194K, committed 21296K, reserved 1067008K
  class space    used 2830K, capacity 2899K, committed 2944K, reserved 1048576K
GC Heap History (10 events):
Event: 0.573 GC heap after
Heap after GC invocations=2 (full 0):
 PSYoungGen      total 18432K, used 1013K [0x00000000f5a00000, 0x00000000f6d00000, 0x0000000100000000)
  eden space 17408K, 0% used [0x00000000f5a00000,0x00000000f5a00000,0x00000000f6b00000)
  from space 1024K, 99% used [0x00000000f6c00000,0x00000000f6cfd780,0x00000000f6d00000)
  to   space 1024K, 0% used [0x00000000f6b00000,0x00000000f6b00000,0x00000000f6c00000)
 ParOldGen       total 22016K, used 2087K [0x00000000e0e00000, 0x00000000e2380000, 0x00000000f5a00000)
  object space 22016K, 9% used [0x00000000e0e00000,0x00000000e1009fe8,0x00000000e2380000)
 Metaspace       used 6277K, capacity 6456K, committed 6528K, reserved 1056768K
  class space    used 784K, capacity 856K, committed 896K, reserved 1048576K
}
Event: 0.822 GC heap before
{Heap before GC invocations=3 (full 0):
 PSYoungGen      total 18432K, used 18421K [0x00000000f5a00000, 0x00000000f6d00000, 0x0000000100000000)
  eden space 17408K, 100% used [0x00000000f5a00000,0x00000000f6b00000,0x00000000f6b00000)
  from space 1024K, 99% used [0x00000000f6c00000,0x00000000f6cfd780,0x00000000f6d00000)
  to   space 1024K, 0% used [0x00000000f6b00000,0x00000000f6b00000,0x00000000f6c00000)
 ParOldGen       total 22016K, used 2087K [0x00000000e0e00000, 0x00000000e2380000, 0x00000000f5a00000)
  object space 22016K, 9% used [0x00000000e0e00000,0x00000000e1009fe8,0x00000000e2380000)
 Metaspace       used 7246K, capacity 7488K, committed 7680K, reserved 1056768K
  class space    used 927K, capacity 1024K, committed 1024K, reserved 1048576K
Event: 0.833 GC heap after
Heap after GC invocations=3 (full 0):
 PSYoungGen      total 18432K, used 1008K [0x00000000f5a00000, 0x00000000f7e00000, 0x0000000100000000)
  eden space 17408K, 0% used [0x00000000f5a00000,0x00000000f5a00000,0x00000000f6b00000)
  from space 1024K, 98% used [0x00000000f6b00000,0x00000000f6bfc010,0x00000000f6c00000)
  to   space 1024K, 0% used [0x00000000f7d00000,0x00000000f7d00000,0x00000000f7e00000)
 ParOldGen       total 22016K, used 4187K [0x00000000e0e00000, 0x00000000e2380000, 0x00000000f5a00000)
  object space 22016K, 19% used [0x00000000e0e00000,0x00000000e1216dc8,0x00000000e2380000)
 Metaspace       used 7246K, capacity 7488K, committed 7680K, reserved 1056768K
  class space    used 927K, capacity 1024K, committed 1024K, reserved 1048576K
}
Event: 1.008 GC heap before
{Heap before GC invocations=4 (full 0):
 PSYoungGen      total 18432K, used 18416K [0x00000000f5a00000, 0x00000000f7e00000, 0x0000000100000000)
  eden space 17408K, 100% used [0x00000000f5a00000,0x00000000f6b00000,0x00000000f6b00000)
  from space 1024K, 98% used [0x00000000f6b00000,0x00000000f6bfc010,0x00000000f6c00000)
  to   space 1024K, 0% used [0x00000000f7d00000,0x00000000f7d00000,0x00000000f7e00000)
 ParOldGen       total 22016K, used 4187K [0x00000000e0e00000, 0x00000000e2380000, 0x00000000f5a00000)
  object space 22016K, 19% used [0x00000000e0e00000,0x00000000e1216dc8,0x00000000e2380000)
 Metaspace       used 9274K, capacity 9504K, committed 9600K, reserved 1056768K
  class space    used 1239K, capacity 1312K, committed 1408K, reserved 1048576K
Event: 1.010 GC heap after
Heap after GC invocations=4 (full 0):
 PSYoungGen      total 35840K, used 1008K [0x00000000f5a00000, 0x00000000f7e00000, 0x0000000100000000)
  eden space 34816K, 0% used [0x00000000f5a00000,0x00000000f5a00000,0x00000000f7c00000)
  from space 1024K, 98% used [0x00000000f7d00000,0x00000000f7dfc010,0x00000000f7e00000)
  to   space 1024K, 0% used [0x00000000f7c00000,0x00000000f7c00000,0x00000000f7d00000)
 ParOldGen       total 22016K, used 6042K [0x00000000e0e00000, 0x00000000e2380000, 0x00000000f5a00000)
  object space 22016K, 27% used [0x00000000e0e00000,0x00000000e13e6b38,0x00000000e2380000)
 Metaspace       used 9274K, capacity 9504K, committed 9600K, reserved 1056768K
  class space    used 1239K, capacity 1312K, committed 1408K, reserved 1048576K
}
Event: 1.490 GC heap before
{Heap before GC invocations=5 (full 0):
 PSYoungGen      total 35840K, used 35824K [0x00000000f5a00000, 0x00000000f7e00000, 0x0000000100000000)
  eden space 34816K, 100% used [0x00000000f5a00000,0x00000000f7c00000,0x00000000f7c00000)
  from space 1024K, 98% used [0x00000000f7d00000,0x00000000f7dfc010,0x00000000f7e00000)
  to   space 1024K, 0% used [0x00000000f7c00000,0x00000000f7c00000,0x00000000f7d00000)
 ParOldGen       total 22016K, used 6042K [0x00000000e0e00000, 0x00000000e2380000, 0x00000000f5a00000)
  object space 22016K, 27% used [0x00000000e0e00000,0x00000000e13e6b38,0x00000000e2380000)
 Metaspace       used 15432K, capacity 15686K, committed 16000K, reserved 1062912K
  class space    used 2063K, capacity 2113K, committed 2176K, reserved 1048576K
Event: 1.508 GC heap after
Heap after GC invocations=5 (full 0):
 PSYoungGen      total 35840K, used 1008K [0x00000000f5a00000, 0x00000000fab00000, 0x0000000100000000)
  eden space 34816K, 0% used [0x00000000f5a00000,0x00000000f5a00000,0x00000000f7c00000)
  from space 1024K, 98% used [0x00000000f7c00000,0x00000000f7cfc030,0x00000000f7d00000)
  to   space 6656K, 0% used [0x00000000fa480000,0x00000000fa480000,0x00000000fab00000)
 ParOldGen       total 22016K, used 11655K [0x00000000e0e00000, 0x00000000e2380000, 0x00000000f5a00000)
  object space 22016K, 52% used [0x00000000e0e00000,0x00000000e1961cb0,0x00000000e2380000)
 Metaspace       used 15432K, capacity 15686K, committed 16000K, reserved 1062912K
  class space    used 2063K, capacity 2113K, committed 2176K, reserved 1048576K
}
Event: 2.007 GC heap before
{Heap before GC invocations=6 (full 0):
 PSYoungGen      total 35840K, used 35824K [0x00000000f5a00000, 0x00000000fab00000, 0x0000000100000000)
  eden space 34816K, 100% used [0x00000000f5a00000,0x00000000f7c00000,0x00000000f7c00000)
  from space 1024K, 98% used [0x00000000f7c00000,0x00000000f7cfc030,0x00000000f7d00000)
  to   space 6656K, 0% used [0x00000000fa480000,0x00000000fa480000,0x00000000fab00000)
 ParOldGen       total 22016K, used 11655K [0x00000000e0e00000, 0x00000000e2380000, 0x00000000f5a00000)
  object space 22016K, 52% used [0x00000000e0e00000,0x00000000e1961cb0,0x00000000e2380000)
 Metaspace       used 18279K, capacity 18492K, committed 18688K, reserved 1064960K
  class space    used 2485K, capacity 2535K, committed 2560K, reserved 1048576K
Event: 2.019 GC heap after
Heap after GC invocations=6 (full 0):
 PSYoungGen      total 75776K, used 5589K [0x00000000f5a00000, 0x00000000fac00000, 0x0000000100000000)
  eden space 69120K, 0% used [0x00000000f5a00000,0x00000000f5a00000,0x00000000f9d80000)
  from space 6656K, 83% used [0x00000000fa480000,0x00000000fa9f5780,0x00000000fab00000)
  to   space 7168K, 0% used [0x00000000f9d80000,0x00000000f9d80000,0x00000000fa480000)
 ParOldGen       total 22016K, used 11655K [0x00000000e0e00000, 0x00000000e2380000, 0x00000000f5a00000)
  object space 22016K, 52% used [0x00000000e0e00000,0x00000000e1961cb0,0x00000000e2380000)
 Metaspace       used 18279K, capacity 18492K, committed 18688K, reserved 1064960K
  class space    used 2485K, capacity 2535K, committed 2560K, reserved 1048576K
}
Event: 2.679 GC heap before
{Heap before GC invocations=7 (full 0):
 PSYoungGen      total 75776K, used 38916K [0x00000000f5a00000, 0x00000000fac00000, 0x0000000100000000)
  eden space 69120K, 48% used [0x00000000f5a00000,0x00000000f7a8bb00,0x00000000f9d80000)
  from space 6656K, 83% used [0x00000000fa480000,0x00000000fa9f5780,0x00000000fab00000)
  to   space 7168K, 0% used [0x00000000f9d80000,0x00000000f9d80000,0x00000000fa480000)
 ParOldGen       total 22016K, used 11655K [0x00000000e0e00000, 0x00000000e2380000, 0x00000000f5a00000)
  object space 22016K, 52% used [0x00000000e0e00000,0x00000000e1961cb0,0x00000000e2380000)
 Metaspace       used 21023K, capacity 21194K, committed 21296K, reserved 1067008K
  class space    used 2830K, capacity 2899K, committed 2944K, reserved 1048576K

