# JRE version: OpenJDK Runtime Environment (8.0_232-b09) (build 1.8.0_232-8u232-b09-0ubuntu1~16.04.1-b09)
# Java VM: OpenJDK 64-Bit Server VM (25.232-b09 mixed mode linux-amd64 compressed oops)
Heap:
 PSYoungGen      total 72704K, used 4569K [0x00000000f5a00000, 0x00000000faa00000, 0x0000000100000000)
  eden space 65024K, 0% used [0x00000000f5a00000,0x00000000f5a00000,0x00000000f9980000)
  from space 7680K, 59% used [0x00000000f9980000,0x00000000f9df67e8,0x00000000fa100000)
  to   space 6144K, 0% used [0x00000000fa100000,0x00000000fa100000,0x00000000fa700000)
 ParOldGen       total 22016K, used 13193K [0x00000000e0e00000, 0x00000000e2380000, 0x00000000f5a00000)
  object space 22016K, 59% used [0x00000000e0e00000,0x00000000e1ae2460,0x00000000e2380000)
 Metaspace       used 21001K, capacity 21194K, committed 21296K, reserved 1067008K
  class space    used 2826K, capacity 2899K, committed 2944K, reserved 1048576K
GC Heap History (10 events):
Event: 0.838 GC heap after
Heap after GC invocations=4 (full 0):
 PSYoungGen      total 18432K, used 1008K [0x00000000f5a00000, 0x00000000f6d00000, 0x0000000100000000)
  eden space 17408K, 0% used [0x00000000f5a00000,0x00000000f5a00000,0x00000000f6b00000)
  from space 1024K, 98% used [0x00000000f6c00000,0x00000000f6cfc030,0x00000000f6d00000)
  to   space 1024K, 0% used [0x00000000f6b00000,0x00000000f6b00000,0x00000000f6c00000)
 ParOldGen       total 22016K, used 4318K [0x00000000e0e00000, 0x00000000e2380000, 0x00000000f5a00000)
  object space 22016K, 19% used [0x00000000e0e00000,0x00000000e1237a80,0x00000000e2380000)
 Metaspace       used 7242K, capacity 7424K, committed 7424K, reserved 1056768K
  class space    used 927K, capacity 1024K, committed 1024K, reserved 1048576K
}
Event: 1.006 GC heap before
{Heap before GC invocations=5 (full 0):
 PSYoungGen      total 18432K, used 18416K [0x00000000f5a00000, 0x00000000f6d00000, 0x0000000100000000)
  eden space 17408K, 100% used [0x00000000f5a00000,0x00000000f6b00000,0x00000000f6b00000)
  from space 1024K, 98% used [0x00000000f6c00000,0x00000000f6cfc030,0x00000000f6d00000)
  to   space 1024K, 0% used [0x00000000f6b00000,0x00000000f6b00000,0x00000000f6c00000)
 ParOldGen       total 22016K, used 4318K [0x00000000e0e00000, 0x00000000e2380000, 0x00000000f5a00000)
  object space 22016K, 19% used [0x00000000e0e00000,0x00000000e1237a80,0x00000000e2380000)
 Metaspace       used 9279K, capacity 9504K, committed 9600K, reserved 1056768K
  class space    used 1239K, capacity 1312K, committed 1408K, reserved 1048576K
Event: 1.009 GC heap after
Heap after GC invocations=5 (full 0):
 PSYoungGen      total 18432K, used 1008K [0x00000000f5a00000, 0x00000000f8200000, 0x0000000100000000)
  eden space 17408K, 0% used [0x00000000f5a00000,0x00000000f5a00000,0x00000000f6b00000)
  from space 1024K, 98% used [0x00000000f6b00000,0x00000000f6bfc030,0x00000000f6c00000)
  to   space 3072K, 0% used [0x00000000f7f00000,0x00000000f7f00000,0x00000000f8200000)
 ParOldGen       total 22016K, used 6155K [0x00000000e0e00000, 0x00000000e2380000, 0x00000000f5a00000)
  object space 22016K, 27% used [0x00000000e0e00000,0x00000000e1402e90,0x00000000e2380000)
 Metaspace       used 9279K, capacity 9504K, committed 9600K, reserved 1056768K
  class space    used 1239K, capacity 1312K, committed 1408K, reserved 1048576K
}
Event: 1.293 GC heap before
{Heap before GC invocations=6 (full 0):
 PSYoungGen      total 18432K, used 18416K [0x00000000f5a00000, 0x00000000f8200000, 0x0000000100000000)
  eden space 17408K, 100% used [0x00000000f5a00000,0x00000000f6b00000,0x00000000f6b00000)
  from space 1024K, 98% used [0x00000000f6b00000,0x00000000f6bfc030,0x00000000f6c00000)
  to   space 3072K, 0% used [0x00000000f7f00000,0x00000000f7f00000,0x00000000f8200000)
 ParOldGen       total 22016K, used 6155K [0x00000000e0e00000, 0x00000000e2380000, 0x00000000f5a00000)
  object space 22016K, 27% used [0x00000000e0e00000,0x00000000e1402e90,0x00000000e2380000)
 Metaspace       used 13600K, capacity 13792K, committed 13952K, reserved 1060864K
  class space    used 1757K, capacity 1824K, committed 1920K, reserved 1048576K
Event: 1.302 GC heap after
Heap after GC invocations=6 (full 0):
 PSYoungGen      total 36352K, used 3068K [0x00000000f5a00000, 0x00000000f8500000, 0x0000000100000000)
  eden space 33280K, 0% used [0x00000000f5a00000,0x00000000f5a00000,0x00000000f7a80000)
  from space 3072K, 99% used [0x00000000f7f00000,0x00000000f81ff2d8,0x00000000f8200000)
  to   space 4608K, 0% used [0x00000000f7a80000,0x00000000f7a80000,0x00000000f7f00000)
 ParOldGen       total 22016K, used 7783K [0x00000000e0e00000, 0x00000000e2380000, 0x00000000f5a00000)
  object space 22016K, 35% used [0x00000000e0e00000,0x00000000e1599f00,0x00000000e2380000)
 Metaspace       used 13600K, capacity 13792K, committed 13952K, reserved 1060864K
  class space    used 1757K, capacity 1824K, committed 1920K, reserved 1048576K
}
Event: 1.697 GC heap before
{Heap before GC invocations=7 (full 0):
 PSYoungGen      total 36352K, used 36348K [0x00000000f5a00000, 0x00000000f8500000, 0x0000000100000000)
  eden space 33280K, 100% used [0x00000000f5a00000,0x00000000f7a80000,0x00000000f7a80000)
  from space 3072K, 99% used [0x00000000f7f00000,0x00000000f81ff2d8,0x00000000f8200000)
  to   space 4608K, 0% used [0x00000000f7a80000,0x00000000f7a80000,0x00000000f7f00000)
 ParOldGen       total 22016K, used 7783K [0x00000000e0e00000, 0x00000000e2380000, 0x00000000f5a00000)
  object space 22016K, 35% used [0x00000000e0e00000,0x00000000e1599f00,0x00000000e2380000)
 Metaspace       used 17007K, capacity 17202K, committed 17536K, reserved 1064960K
  class space    used 2269K, capacity 2341K, committed 2432K, reserved 1048576K
Event: 1.704 GC heap after
Heap after GC invocations=7 (full 0):
 PSYoungGen      total 37888K, used 4604K [0x00000000f5a00000, 0x00000000fa700000, 0x0000000100000000)
  eden space 33280K, 0% used [0x00000000f5a00000,0x00000000f5a00000,0x00000000f7a80000)
  from space 4608K, 99% used [0x00000000f7a80000,0x00000000f7eff1d8,0x00000000f7f00000)
  to   space 6144K, 0% used [0x00000000fa100000,0x00000000fa100000,0x00000000fa700000)
 ParOldGen       total 22016K, used 10064K [0x00000000e0e00000, 0x00000000e2380000, 0x00000000f5a00000)
  object space 22016K, 45% used [0x00000000e0e00000,0x00000000e17d4270,0x00000000e2380000)
 Metaspace       used 17007K, capacity 17202K, committed 17536K, reserved 1064960K
  class space    used 2269K, capacity 2341K, committed 2432K, reserved 1048576K
}
Event: 2.141 GC heap before
{Heap before GC invocations=8 (full 0):
 PSYoungGen      total 37888K, used 37884K [0x00000000f5a00000, 0x00000000fa700000, 0x0000000100000000)
  eden space 33280K, 100% used [0x00000000f5a00000,0x00000000f7a80000,0x00000000f7a80000)
  from space 4608K, 99% used [0x00000000f7a80000,0x00000000f7eff1d8,0x00000000f7f00000)
  to   space 6144K, 0% used [0x00000000fa100000,0x00000000fa100000,0x00000000fa700000)
 ParOldGen       total 22016K, used 10064K [0x00000000e0e00000, 0x00000000e2380000, 0x00000000f5a00000)
  object space 22016K, 45% used [0x00000000e0e00000,0x00000000e17d4270,0x00000000e2380000)
 Metaspace       used 19768K, capacity 19972K, committed 20224K, reserved 1067008K
  class space    used 2632K, capacity 2706K, committed 2816K, reserved 1048576K
Event: 2.148 GC heap after
Heap after GC invocations=8 (full 0):
 PSYoungGen      total 71168K, used 6143K [0x00000000f5a00000, 0x00000000faa00000, 0x0000000100000000)
  eden space 65024K, 0% used [0x00000000f5a00000,0x00000000f5a00000,0x00000000f9980000)
  from space 6144K, 99% used [0x00000000fa100000,0x00000000fa6ffdc8,0x00000000fa700000)
  to   space 7680K, 0% used [0x00000000f9980000,0x00000000f9980000,0x00000000fa100000)
 ParOldGen       total 22016K, used 11143K [0x00000000e0e00000, 0x00000000e2380000, 0x00000000f5a00000)
  object space 22016K, 50% used [0x00000000e0e00000,0x00000000e18e1c40,0x00000000e2380000)
 Metaspace       used 19768K, capacity 19972K, committed 20224K, reserved 1067008K
  class space    used 2632K, capacity 2706K, committed 2816K, reserved 1048576K
}
Event: 2.416 GC heap before
{Heap before GC invocations=9 (full 0):
 PSYoungGen      total 71168K, used 24240K [0x00000000f5a00000, 0x00000000faa00000, 0x0000000100000000)
  eden space 65024K, 27% used [0x00000000f5a00000,0x00000000f6bac3b8,0x00000000f9980000)
  from space 6144K, 99% used [0x00000000fa100000,0x00000000fa6ffdc8,0x00000000fa700000)
  to   space 7680K, 0% used [0x00000000f9980000,0x00000000f9980000,0x00000000fa100000)
 ParOldGen       total 22016K, used 11143K [0x00000000e0e00000, 0x00000000e2380000, 0x00000000f5a00000)
  object space 22016K, 50% used [0x00000000e0e00000,0x00000000e18e1c40,0x00000000e2380000)
 Metaspace       used 21001K, capacity 21194K, committed 21296K, reserved 1067008K
  class space    used 2826K, capacity 2899K, committed 2944K, reserved 1048576K

